d:\cold atoms control application\cold atoms control application\x64\release\cold atoms control application.pch
d:\cold atoms control application\cold atoms control application\x64\release\vc140.pdb
d:\cold atoms control application\cold atoms control application\x64\release\stdafx.obj
d:\cold atoms control application\cold atoms control application\x64\release\winprocmain.obj
d:\cold atoms control application\cold atoms control application\x64\release\scriptwritinginstructionsdialog.obj
d:\cold atoms control application\cold atoms control application\x64\release\appendtext.obj
d:\cold atoms control application\cold atoms control application\x64\release\savetextfilefromedit.obj
d:\cold atoms control application\cold atoms control application\x64\release\rmwhite.obj
d:\cold atoms control application\cold atoms control application\x64\release\niawgwaitthread.obj
d:\cold atoms control application\cold atoms control application\x64\release\cold atoms control application.obj
d:\cold atoms control application\cold atoms control application\x64\release\myniawg.obj
d:\cold atoms control application\cold atoms control application\x64\release\mymath.obj
d:\cold atoms control application\cold atoms control application\x64\release\myerrorhandler.obj
d:\cold atoms control application\cold atoms control application\x64\release\myagilent.obj
d:\cold atoms control application\cold atoms control application\x64\release\initializescriptingwindow.obj
d:\cold atoms control application\cold atoms control application\x64\release\initializemainwindow.obj
d:\cold atoms control application\cold atoms control application\x64\release\getfilename.obj
d:\cold atoms control application\cold atoms control application\x64\release\filemanage.obj
d:\cold atoms control application\cold atoms control application\x64\release\externals.obj
d:\cold atoms control application\cold atoms control application\x64\release\experimentprogrammingthread.obj
d:\cold atoms control application\cold atoms control application\x64\release\continueabortdialogue.obj
d:\cold atoms control application\cold atoms control application\x64\release\cleanstring.obj
d:\cold atoms control application\cold atoms control application\x64\release\cleansocket.obj
d:\cold atoms control application\cold atoms control application\x64\release\winprocscripts.obj
d:\cold atoms control application\cold atoms control application\x64\release\cold atoms control application.exe
d:\cold atoms control application\cold atoms control application\x64\release\cold atoms control application.ipdb
d:\cold atoms control application\cold atoms control application\x64\release\cold atoms control application.iobj
d:\cold atoms control application\cold atoms control application\x64\release\cold atoms control application.pdb
d:\cold atoms control application\cold atoms control application\x64\release\cold atoms control application.res
d:\cold atoms control application\cold atoms control application\x64\release\cold ato.bdb7e898.tlog\cl.command.1.tlog
d:\cold atoms control application\cold atoms control application\x64\release\cold ato.bdb7e898.tlog\cl.read.1.tlog
d:\cold atoms control application\cold atoms control application\x64\release\cold ato.bdb7e898.tlog\cl.write.1.tlog
d:\cold atoms control application\cold atoms control application\x64\release\cold ato.bdb7e898.tlog\link.command.1.tlog
d:\cold atoms control application\cold atoms control application\x64\release\cold ato.bdb7e898.tlog\link.read.1.tlog
d:\cold atoms control application\cold atoms control application\x64\release\cold ato.bdb7e898.tlog\link.write.1.tlog
d:\cold atoms control application\cold atoms control application\x64\release\cold ato.bdb7e898.tlog\rc.command.1.tlog
d:\cold atoms control application\cold atoms control application\x64\release\cold ato.bdb7e898.tlog\rc.read.1.tlog
d:\cold atoms control application\cold atoms control application\x64\release\cold ato.bdb7e898.tlog\rc.write.1.tlog
