  stdafx.cpp
D:\Program Files\VC\atlmfc\include\afx.h(38): warning C4996: 'MBCS_Support_Deprecated_In_MFC': MBCS support in MFC is deprecated and may be removed in a future version of MFC.
  D:\Program Files\VC\atlmfc\include\afx.h(33): note: see declaration of 'MBCS_Support_Deprecated_In_MFC'
  cleanSocket.cpp
  cleanString.cpp
  ContinueAbortDialogue.cpp
  experimentProgrammingThread.cpp
experimentProgrammingThread.cpp(197): warning C4267: 'initializing': conversion from 'size_t' to 'int', possible loss of data
experimentProgrammingThread.cpp(307): warning C4267: 'argument': conversion from 'size_t' to 'int', possible loss of data
experimentProgrammingThread.cpp(550): warning C4267: 'argument': conversion from 'size_t' to 'int', possible loss of data
experimentProgrammingThread.cpp(956): warning C4267: 'argument': conversion from 'size_t' to 'int', possible loss of data
  externals.cpp
  fileManage.cpp
  getFileName.cpp
  initializeMainWindow.cpp
  initializeScriptingWindow.cpp
  myAgilent.cpp
myAgilent.cpp(187): warning C4244: 'argument': conversion from 'double' to 'int', possible loss of data
myAgilent.cpp(391): warning C4244: '=': conversion from 'double' to 'LONG', possible loss of data
myAgilent.cpp(392): warning C4244: '=': conversion from 'double' to 'LONG', possible loss of data
myAgilent.cpp(396): warning C4244: '=': conversion from 'double' to 'LONG', possible loss of data
myAgilent.cpp(397): warning C4244: '=': conversion from 'double' to 'LONG', possible loss of data
myAgilent.cpp(459): warning C4244: 'initializing': conversion from 'double' to 'int', possible loss of data
myAgilent.cpp(485): warning C4267: 'return': conversion from 'size_t' to 'long', possible loss of data
myAgilent.cpp(509): warning C4267: 'return': conversion from 'size_t' to 'int', possible loss of data
  myErrorHandler.cpp
myErrorHandler.cpp(65): warning C4102: 'Error': unreferenced label
  myMath.cpp
myMath.cpp(124): warning C4477: 'sprintf_s' : format string '%s' requires an argument of type 'char *', but variadic argument 1 has type 'std::string'
myMath.cpp(169): warning C4244: 'argument': conversion from 'double' to 'const long', possible loss of data
myMath.cpp(173): warning C4244: 'argument': conversion from 'double' to 'const long', possible loss of data
myMath.cpp(210): warning C4244: '=': conversion from 'double' to 'int', possible loss of data
myMath.cpp(217): warning C4244: '=': conversion from 'double' to 'int', possible loss of data
myMath.cpp(295): warning C4244: '=': conversion from 'double' to 'int', possible loss of data
myMath.cpp(302): warning C4244: '=': conversion from 'double' to 'int', possible loss of data
  myNIAWG.cpp
myNIAWG.cpp(377): warning C4244: '=': conversion from 'double' to 'int', possible loss of data
myNIAWG.cpp(2046): warning C4244: '=': conversion from 'ULONGLONG' to 'DWORD', possible loss of data
myNIAWG.cpp(2069): warning C4244: '=': conversion from 'ULONGLONG' to 'DWORD', possible loss of data
myNIAWG.cpp(2092): warning C4244: 'initializing': conversion from 'ULONGLONG' to 'unsigned long', possible loss of data
myNIAWG.cpp(2118): warning C4244: '=': conversion from 'ULONGLONG' to 'DWORD', possible loss of data
myNIAWG.cpp(2464): warning C4477: 'sprintf_s' : format string '%s' requires an argument of type 'char *', but variadic argument 1 has type 'std::string'
myNIAWG.cpp(2500): warning C4477: 'sprintf_s' : format string '%s' requires an argument of type 'char *', but variadic argument 1 has type 'std::string'
myNIAWG.cpp(2625): warning C4244: 'argument': conversion from 'double' to 'const long', possible loss of data
  Cold Atoms Control Application.cpp
Cold Atoms Control Application.cpp(521): warning C4244: 'initializing': conversion from 'INT_PTR' to 'int', possible loss of data
Cold Atoms Control Application.cpp(555): warning C4244: 'initializing': conversion from 'INT_PTR' to 'int', possible loss of data
Cold Atoms Control Application.cpp(762): warning C4267: 'initializing': conversion from 'size_t' to 'int', possible loss of data
Cold Atoms Control Application.cpp(859): warning C4267: 'argument': conversion from 'size_t' to 'int', possible loss of data
Cold Atoms Control Application.cpp(1084): warning C4267: 'argument': conversion from 'size_t' to 'int', possible loss of data
Cold Atoms Control Application.cpp(1471): warning C4244: 'initializing': conversion from 'INT_PTR' to 'int', possible loss of data
Cold Atoms Control Application.cpp(1500): warning C4244: 'initializing': conversion from 'INT_PTR' to 'int', possible loss of data
Cold Atoms Control Application.cpp(1528): warning C4267: 'argument': conversion from 'size_t' to 'int', possible loss of data
  rmWhite.cpp
rmWhite.cpp(32): warning C4244: 'initializing': conversion from 'std::streamoff' to 'int', possible loss of data
  saveTextFileFromEdit.cpp
  appendText.cpp
  ScriptWritingInstructionsDialog.cpp
  winProcMain.cpp
winProcMain.cpp(185): warning C4244: 'initializing': conversion from 'LRESULT' to 'int', possible loss of data
winProcMain.cpp(196): warning C4244: 'initializing': conversion from 'LRESULT' to 'int', possible loss of data
  winProcScripts.cpp
LINK : warning LNK4075: ignoring '/INCREMENTAL' due to '/LTCG' specification
  Generating code
  All 3061 functions were compiled because no usable IPDB/IOBJ from previous compilation was found.
  Finished generating code
  NI-PXIe-5451 Arb WvFm Gen 3.0.vcxproj -> D:\NI-PXIe-5451 Arb WvFm Gen 3.0\NI-PXIe-5451 Arb WvFm Gen 3.0\x64\Release\Cold Atoms Control Application.exe
