c:\users\mark\documents\cold atoms control application\cold atoms control application\x64\debug\cold atoms control application.pch
c:\users\mark\documents\cold atoms control application\cold atoms control application\x64\debug\vc140.pdb
c:\users\mark\documents\cold atoms control application\cold atoms control application\x64\debug\vc140.idb
c:\users\mark\documents\cold atoms control application\cold atoms control application\x64\debug\stdafx.obj
c:\users\mark\documents\cold atoms control application\cold atoms control application\x64\debug\externals.obj
c:\users\mark\documents\cold atoms control application\cold atoms control application\x64\debug\filemanage.obj
c:\users\mark\documents\cold atoms control application\cold atoms control application\x64\debug\foldernamepromptdialogproc.obj
c:\users\mark\documents\cold atoms control application\cold atoms control application\x64\debug\getfilename.obj
c:\users\mark\documents\cold atoms control application\cold atoms control application\x64\debug\getsyntaxcolor.obj
c:\users\mark\documents\cold atoms control application\cold atoms control application\x64\debug\initializemainwindow.obj
c:\users\mark\documents\cold atoms control application\cold atoms control application\x64\debug\initializescriptingwindow.obj
c:\users\mark\documents\cold atoms control application\cold atoms control application\x64\debug\myagilent.obj
c:\users\mark\documents\cold atoms control application\cold atoms control application\x64\debug\myerrorhandler.obj
c:\users\mark\documents\cold atoms control application\cold atoms control application\x64\debug\mymath.obj
c:\users\mark\documents\cold atoms control application\cold atoms control application\x64\debug\myniawg.obj
c:\users\mark\documents\cold atoms control application\cold atoms control application\x64\debug\cold atoms control application.obj
c:\users\mark\documents\cold atoms control application\cold atoms control application\x64\debug\niawgwaitthread.obj
c:\users\mark\documents\cold atoms control application\cold atoms control application\x64\debug\rmwhite.obj
c:\users\mark\documents\cold atoms control application\cold atoms control application\x64\debug\savetextfilefromedit.obj
c:\users\mark\documents\cold atoms control application\cold atoms control application\x64\debug\appendtext.obj
c:\users\mark\documents\cold atoms control application\cold atoms control application\x64\debug\scriptwritinginstructionsdialog.obj
c:\users\mark\documents\cold atoms control application\cold atoms control application\x64\debug\systemabortcheck.obj
c:\users\mark\documents\cold atoms control application\cold atoms control application\x64\debug\winprocmain.obj
c:\users\mark\documents\cold atoms control application\cold atoms control application\x64\debug\winprocscripts.obj
c:\users\mark\documents\cold atoms control application\cold atoms control application\x64\debug\about.obj
c:\users\mark\documents\cold atoms control application\cold atoms control application\x64\debug\cleansocket.obj
c:\users\mark\documents\cold atoms control application\cold atoms control application\x64\debug\cleanstring.obj
c:\users\mark\documents\cold atoms control application\cold atoms control application\x64\debug\colorscript.obj
c:\users\mark\documents\cold atoms control application\cold atoms control application\x64\debug\experimentprogrammingthread.obj
c:\users\mark\documents\cold atoms control application\cold atoms control application\x64\debug\folderpromptdialogproc.obj
c:\users\mark\documents\cold atoms control application\cold atoms control application\x64\debug\menufunctions.obj
c:\users\mark\documents\cold atoms control application\cold atoms control application\x64\debug\menuandacceleratorfunctions.obj
c:\users\mark\documents\cold atoms control application\cold atoms control application\x64\debug\postmystring.obj
c:\users\mark\documents\cold atoms control application\cold atoms control application\x64\debug\beginningsettingsdialogproc.obj
c:\users\mark\documents\cold atoms control application\cold atoms control application\x64\debug\namepromptdialogproc.obj
c:\users\mark\documents\cold atoms control application\cold atoms control application\x64\debug\cold atoms control application.ilk
c:\users\mark\documents\cold atoms control application\cold atoms control application\x64\debug\cold atoms control application.exe
c:\users\mark\documents\cold atoms control application\cold atoms control application\x64\debug\cold atoms control application.pdb
c:\users\mark\documents\cold atoms control application\cold atoms control application\x64\debug\cold atoms control application.res
c:\users\mark\documents\cold atoms control application\cold atoms control application\x64\debug\beginningsettingsdialogproc.obj.enc
c:\users\mark\documents\cold atoms control application\cold atoms control application\x64\debug\colorscript.obj.enc
c:\users\mark\documents\cold atoms control application\cold atoms control application\x64\debug\filemanage.obj.enc
c:\users\mark\documents\cold atoms control application\cold atoms control application\x64\debug\initializemainwindow.obj.enc
c:\users\mark\documents\cold atoms control application\cold atoms control application\x64\debug\menuandacceleratorfunctions.obj.enc
c:\users\mark\documents\cold atoms control application\cold atoms control application\x64\debug\winprocmain.obj.enc
c:\users\mark\documents\cold atoms control application\cold atoms control application\x64\debug\winprocscripts.obj.enc
c:\users\mark\documents\cold atoms control application\cold atoms control application\x64\debug\andor camera control.ilk
c:\users\mark\documents\cold atoms control application\cold atoms control application\x64\debug\camera.ilk
c:\users\mark\documents\cold atoms control application\cold atoms control application\x64\debug\mfctests.ilk
c:\users\mark\documents\cold atoms control application\cold atoms control application\x64\debug\mfctests2.ilk
c:\users\mark\documents\cold atoms control application\cold atoms control application\x64\debug\andor camera control.pdb
c:\users\mark\documents\cold atoms control application\cold atoms control application\x64\debug\camera.pdb
c:\users\mark\documents\cold atoms control application\cold atoms control application\x64\debug\mfctests.pdb
c:\users\mark\documents\cold atoms control application\cold atoms control application\x64\debug\mfctests2.pdb
c:\users\mark\documents\cold atoms control application\cold atoms control application\x64\debug\cold ato.bdb7e898.tlog\cl.command.1.tlog
c:\users\mark\documents\cold atoms control application\cold atoms control application\x64\debug\cold ato.bdb7e898.tlog\cl.read.1.tlog
c:\users\mark\documents\cold atoms control application\cold atoms control application\x64\debug\cold ato.bdb7e898.tlog\cl.write.1.tlog
c:\users\mark\documents\cold atoms control application\cold atoms control application\x64\debug\cold ato.bdb7e898.tlog\link.command.1.tlog
c:\users\mark\documents\cold atoms control application\cold atoms control application\x64\debug\cold ato.bdb7e898.tlog\link.read.1.tlog
c:\users\mark\documents\cold atoms control application\cold atoms control application\x64\debug\cold ato.bdb7e898.tlog\link.write.1.tlog
c:\users\mark\documents\cold atoms control application\cold atoms control application\x64\debug\cold ato.bdb7e898.tlog\rc.command.1.tlog
c:\users\mark\documents\cold atoms control application\cold atoms control application\x64\debug\cold ato.bdb7e898.tlog\rc.read.1.tlog
c:\users\mark\documents\cold atoms control application\cold atoms control application\x64\debug\cold ato.bdb7e898.tlog\rc.write.1.tlog
