c:\users\mark\onedrive\coding projects\mobile control application\camera\debug\andor camera control.pch
c:\users\mark\onedrive\coding projects\mobile control application\camera\debug\vc140.pdb
c:\users\mark\onedrive\coding projects\mobile control application\camera\debug\vc140.idb
c:\users\mark\onedrive\coding projects\mobile control application\camera\debug\stdafx.obj
c:\users\mark\onedrive\coding projects\mobile control application\camera\debug\appendcoloredtext.obj
c:\users\mark\onedrive\coding projects\mobile control application\camera\debug\appendtext.obj
c:\users\mark\onedrive\coding projects\mobile control application\camera\debug\arbitraryplottingthreadprocedure.obj
c:\users\mark\onedrive\coding projects\mobile control application\camera\debug\camera.obj
c:\users\mark\onedrive\coding projects\mobile control application\camera\debug\camerathread.obj
c:\users\mark\onedrive\coding projects\mobile control application\camera\debug\createidentitypalette.obj
c:\users\mark\onedrive\coding projects\mobile control application\camera\debug\dataset.obj
c:\users\mark\onedrive\coding projects\mobile control application\camera\debug\dialogprocedures.obj
c:\users\mark\onedrive\coding projects\mobile control application\camera\debug\externals.obj
c:\users\mark\onedrive\coding projects\mobile control application\camera\debug\filemanage.obj
c:\users\mark\onedrive\coding projects\mobile control application\camera\debug\initializationupdate.obj
c:\users\mark\onedrive\coding projects\mobile control application\camera\debug\initializecamerawindow.obj
c:\users\mark\onedrive\coding projects\mobile control application\camera\debug\myandor.obj
c:\users\mark\onedrive\coding projects\mobile control application\camera\debug\myplot.obj
c:\users\mark\onedrive\coding projects\mobile control application\camera\debug\plottinginfo.obj
c:\users\mark\onedrive\coding projects\mobile control application\camera\debug\processtimer.obj
c:\users\mark\onedrive\coding projects\mobile control application\camera\debug\postmystring.obj
c:\users\mark\onedrive\coding projects\mobile control application\camera\debug\reorganizecontrol.obj
c:\users\mark\onedrive\coding projects\mobile control application\camera\debug\reorganizewindow.obj
c:\users\mark\onedrive\coding projects\mobile control application\camera\debug\camerawndproc.obj
c:\users\mark\onedrive\coding projects\mobile control application\debug\andor camera control.ilk
c:\users\mark\onedrive\coding projects\mobile control application\debug\andor camera control.exe
c:\users\mark\onedrive\coding projects\mobile control application\debug\andor camera control.pdb
c:\users\mark\onedrive\coding projects\mobile control application\camera\debug\camera.res
c:\users\mark\onedrive\coding projects\mobile control application\camera\debug\dialogprocedures.obj.enc
c:\users\mark\onedrive\coding projects\mobile control application\camera\debug\andor ca.f965df0c.tlog\cl.command.1.tlog
c:\users\mark\onedrive\coding projects\mobile control application\camera\debug\andor ca.f965df0c.tlog\cl.read.1.tlog
c:\users\mark\onedrive\coding projects\mobile control application\camera\debug\andor ca.f965df0c.tlog\cl.write.1.tlog
c:\users\mark\onedrive\coding projects\mobile control application\camera\debug\andor ca.f965df0c.tlog\link.command.1.tlog
c:\users\mark\onedrive\coding projects\mobile control application\camera\debug\andor ca.f965df0c.tlog\link.read.1.tlog
c:\users\mark\onedrive\coding projects\mobile control application\camera\debug\andor ca.f965df0c.tlog\link.write.1.tlog
c:\users\mark\onedrive\coding projects\mobile control application\camera\debug\andor ca.f965df0c.tlog\rc.command.1.tlog
c:\users\mark\onedrive\coding projects\mobile control application\camera\debug\andor ca.f965df0c.tlog\rc.read.1.tlog
c:\users\mark\onedrive\coding projects\mobile control application\camera\debug\andor ca.f965df0c.tlog\rc.write.1.tlog
