  myAndor.cpp
c:\users\mark\onedrive\coding projects\mobile control application\camera\myandor.cpp(235): warning C4018: '<': signed/unsigned mismatch
c:\users\mark\onedrive\coding projects\mobile control application\camera\myandor.cpp(251): warning C4018: '<': signed/unsigned mismatch
c:\users\mark\onedrive\coding projects\mobile control application\camera\myandor.cpp(336): warning C4018: '<': signed/unsigned mismatch
c:\users\mark\onedrive\coding projects\mobile control application\camera\myandor.cpp(344): warning C4018: '<': signed/unsigned mismatch
c:\users\mark\onedrive\coding projects\mobile control application\camera\myandor.cpp(365): warning C4018: '<': signed/unsigned mismatch
c:\users\mark\onedrive\coding projects\mobile control application\camera\myandor.cpp(664): warning C4244: '=': conversion from 'double' to 'LONG', possible loss of data
c:\users\mark\onedrive\coding projects\mobile control application\camera\myandor.cpp(665): warning C4244: '=': conversion from 'double' to 'LONG', possible loss of data
c:\users\mark\onedrive\coding projects\mobile control application\camera\myandor.cpp(666): warning C4244: '=': conversion from 'double' to 'LONG', possible loss of data
c:\users\mark\onedrive\coding projects\mobile control application\camera\myandor.cpp(667): warning C4244: '=': conversion from 'double' to 'LONG', possible loss of data
c:\users\mark\onedrive\coding projects\mobile control application\camera\myandor.cpp(510): warning C4101: 'xscale': unreferenced local variable
c:\users\mark\onedrive\coding projects\mobile control application\camera\myandor.cpp(510): warning C4101: 'zscale': unreferenced local variable
c:\users\mark\onedrive\coding projects\mobile control application\camera\myandor.cpp(513): warning C4101: 'imageBoxHeight': unreferenced local variable
c:\users\mark\onedrive\coding projects\mobile control application\camera\myandor.cpp(513): warning C4101: 'imageBoxWidth': unreferenced local variable
c:\users\mark\onedrive\coding projects\mobile control application\camera\myandor.cpp(883): warning C4244: 'argument': conversion from 'double' to 'float', possible loss of data
c:\users\mark\onedrive\coding projects\mobile control application\camera\myandor.cpp(961): warning C4244: '=': conversion from 'double' to 'float', possible loss of data
c:\users\mark\onedrive\coding projects\mobile control application\camera\myandor.cpp(962): warning C4244: '=': conversion from 'double' to 'float', possible loss of data
c:\users\mark\onedrive\coding projects\mobile control application\camera\myandor.cpp(987): warning C4018: '<': signed/unsigned mismatch
c:\users\mark\onedrive\coding projects\mobile control application\camera\myandor.cpp(1004): warning C4018: '<': signed/unsigned mismatch
c:\users\mark\onedrive\coding projects\mobile control application\camera\myandor.cpp(1020): warning C4018: '<': signed/unsigned mismatch
c:\users\mark\onedrive\coding projects\mobile control application\camera\myandor.cpp(1099): warning C4244: 'argument': conversion from 'double' to 'float', possible loss of data
  Camera.vcxproj -> C:\Users\Mark\OneDrive\Coding Projects\Mobile Control Application\Debug\Andor Camera Control.exe
