  stdafx.cpp
C:\Program Files (x86)\Microsoft Visual Studio 14.0\VC\atlmfc\include\afx.h(38): warning C4996: 'MBCS_Support_Deprecated_In_MFC': MBCS support in MFC is deprecated and may be removed in a future version of MFC.
  C:\Program Files (x86)\Microsoft Visual Studio 14.0\VC\atlmfc\include\afx.h(33): note: see declaration of 'MBCS_Support_Deprecated_In_MFC'
  beginningSettingsDialogProc.cpp
  CameraImageParameters.cpp
CameraImageParameters.cpp(180): warning C4101: 'exception': unreferenced local variable
CameraImageParameters.cpp(192): warning C4101: 'exception': unreferenced local variable
CameraImageParameters.cpp(205): warning C4101: 'exception': unreferenced local variable
CameraImageParameters.cpp(218): warning C4101: 'exception': unreferenced local variable
CameraImageParameters.cpp(230): warning C4101: 'exception': unreferenced local variable
CameraImageParameters.cpp(242): warning C4101: 'exception': unreferenced local variable
  CameraSettingsControl.cpp
  CameraWindow.cpp
  cleanSocket.cpp
  cleanString.cpp
  ColorBox.cpp
  Communicator.cpp
  ConfigurationFileSystem.cpp
ConfigurationFileSystem.cpp(13): fatal error C1083: Cannot open include file: 'boost/filesystem.hpp': No such file or directory
  DebuggingOptionsControl.cpp
  errBox.cpp
  experimentProgrammingThread.cpp
experimentProgrammingThread.cpp(15): fatal error C1083: Cannot open include file: 'boost/cast.hpp': No such file or directory
  externals.cpp
  MainOptionsControl.cpp
  MainWindow.cpp
  Andor.cpp
Andor.cpp(40): warning C4101: 'aBuffer2': unreferenced local variable
Andor.cpp(309): warning C4018: '<': signed/unsigned mismatch
Andor.cpp(320): warning C4018: '<': signed/unsigned mismatch
Andor.cpp(340): warning C4018: '<': signed/unsigned mismatch
Andor.cpp(474): warning C4018: '<': signed/unsigned mismatch
Andor.cpp(480): warning C4018: '<': signed/unsigned mismatch
Andor.cpp(506): warning C4101: 'xscale': unreferenced local variable
Andor.cpp(511): warning C4101: 'pixelsAreaHeight': unreferenced local variable
Andor.cpp(506): warning C4101: 'zscale': unreferenced local variable
Andor.cpp(509): warning C4101: 'imageBoxHeight': unreferenced local variable
Andor.cpp(509): warning C4101: 'imageBoxWidth': unreferenced local variable
Andor.cpp(996): warning C4018: '<': signed/unsigned mismatch
Andor.cpp(1014): warning C4018: '<': signed/unsigned mismatch
  NoteSystem.cpp
  PictureSettingsControl.cpp
PictureSettingsControl.cpp(275): warning C4018: '>=': signed/unsigned mismatch
PictureSettingsControl.cpp(275): warning C4018: '<=': signed/unsigned mismatch
PictureSettingsControl.cpp(285): warning C4244: '=': conversion from 'float' to 'int', possible loss of data
PictureSettingsControl.cpp(316): warning C4018: '>=': signed/unsigned mismatch
PictureSettingsControl.cpp(316): warning C4018: '<=': signed/unsigned mismatch
PictureSettingsControl.cpp(416): warning C4244: '=': conversion from 'float' to 'int', possible loss of data
PictureSettingsControl.cpp(469): warning C4018: '<': signed/unsigned mismatch
PictureSettingsControl.cpp(467): warning C4101: 'e': unreferenced local variable
PictureSettingsControl.cpp(520): warning C4018: '<': signed/unsigned mismatch
PictureSettingsControl.cpp(537): warning C4018: '<': signed/unsigned mismatch
PictureSettingsControl.cpp(566): warning C4018: '<': signed/unsigned mismatch
  postMyString.cpp
  ProfileIndicator.cpp
  Compiling...
  reorganizeControl.cpp
reorganizeControl.cpp(19): warning C4806: '==': unsafe operation: no value of type 'bool' promoted to type 'int' can equal the given constant
reorganizeControl.cpp(28): warning C4838: conversion from 'double' to 'LONG' requires a narrowing conversion
reorganizeControl.cpp(28): warning C4244: 'initializing': conversion from 'double' to 'LONG', possible loss of data
reorganizeControl.cpp(34): warning C4806: '==': unsafe operation: no value of type 'bool' promoted to type 'int' can equal the given constant
reorganizeControl.cpp(43): warning C4838: conversion from 'double' to 'LONG' requires a narrowing conversion
reorganizeControl.cpp(43): warning C4244: 'initializing': conversion from 'double' to 'LONG', possible loss of data
reorganizeControl.cpp(49): warning C4806: '==': unsafe operation: no value of type 'bool' promoted to type 'int' can equal the given constant
reorganizeControl.cpp(58): warning C4838: conversion from 'double' to 'LONG' requires a narrowing conversion
reorganizeControl.cpp(58): warning C4244: 'initializing': conversion from 'double' to 'LONG', possible loss of data
  reorganizeWindow.cpp
  Script.cpp
Script.cpp(7): fatal error C1083: Cannot open include file: 'boost/lexical_cast.hpp': No such file or directory
  ScriptingWindow.cpp
  StatusControl.cpp
  StatusIndicator.cpp
  systemAbortCheck.cpp
  textPromptDialogProcedure.cpp
  getFileName.cpp
  commonMessages.cpp
commonMessages.cpp(443): warning C4018: '<': signed/unsigned mismatch
  myAgilent.cpp
myAgilent.cpp(10): fatal error C1083: Cannot open include file: 'boost/cast.hpp': No such file or directory
  myErrorHandler.cpp
myErrorHandler.cpp(52): warning C4018: '<': signed/unsigned mismatch
myErrorHandler.cpp(59): warning C4018: '<': signed/unsigned mismatch
  myMath.cpp
myMath.cpp(10): fatal error C1083: Cannot open include file: 'boost/math/common_factor.hpp': No such file or directory
  myNIAWG.cpp
myNIAWG.cpp(1414): warning C4018: '<': signed/unsigned mismatch
myNIAWG.cpp(1547): warning C4018: '<': signed/unsigned mismatch
myNIAWG.cpp(1570): warning C4018: '<': signed/unsigned mismatch
myNIAWG.cpp(3628): warning C4018: '<': signed/unsigned mismatch
myNIAWG.cpp(3707): warning C4018: '<': signed/unsigned mismatch
myNIAWG.cpp(3711): warning C4244: '=': conversion from 'double' to 'int', possible loss of data
myNIAWG.cpp(3783): warning C4018: '<': signed/unsigned mismatch
myNIAWG.cpp(3864): warning C4018: '<': signed/unsigned mismatch
myNIAWG.cpp(3868): warning C4244: '=': conversion from 'double' to 'int', possible loss of data
  Camerawg.cpp
Camerawg.cpp(61): fatal error C1083: Cannot open include file: 'boost/math/common_factor.hpp': No such file or directory
  NIAWGWaitThread.cpp
NIAWGWaitThread.cpp(99): warning C4244: 'argument': conversion from 'float' to 'DWORD', possible loss of data
  rmWhite.cpp
  saveTextFileFromEdit.cpp
  appendText.cpp
  ScriptWritingInstructionsDialog.cpp
  Compiling...
  selectInCombo.cpp
  VariableSystem.cpp
VariableSystem.cpp(221): warning C4018: '<': signed/unsigned mismatch
VariableSystem.cpp(235): warning C4018: '<': signed/unsigned mismatch
